SonarQube plugins:
  - C# 5.0 (csharp)
  - Java 3.13.1 (java)
  - SVN 1.3 (scmsvn)
  - Git 1.2 (scmgit)
  - JavaScript 2.11 (javascript)
Global properties:
  - sonar.core.id=20160518133858
  - sonar.core.startTime=2016-05-18T13:38:58+0200
  - sonar.core.version=5.5
  - sonar.permission.template.default=default_template
  - sonar.qualitygate=1
Settings for module: my:project
  - sonar.host.url=http://localhost:9000
  - sonar.projectBaseDir=C:\Users\jmaciejczak\workspace\SpringEx15BankApplication
  - sonar.projectKey=my:project
  - sonar.projectName=My project
  - sonar.projectVersion=1.0
  - sonar.sourceEncoding=windows-1250
  - sonar.sources=.
  - sonar.working.directory=C:\Users\jmaciejczak\workspace\SpringEx15BankApplication\.sonar
